<?xml version="1.0" encoding="UTF-8"?>
<afmAction type="render" state="" response="true" locale="en_US" relativePath="/archibus/schema/ab-system/test/testActivity1/dummy.axvw" sessionId="247FD5C64F02ED11AA6738975E28D1AC" requestId="0000"><target><key name="/archibus/schema/ab-system/test/testActivity1/dummy.axvw" context="" class="com.archibus.view.ViewImpl" xpath=""/></target></afmAction>