<?xml version="1.0" encoding="UTF-8"?>
<html isEditForm="false" isErrorMessage="false" requestId="0000"><title>Sign In </title><head><link href="/archibus/schema/ab-system/style/abcascadingstylesheet-slate.css" type="text/css" rel="stylesheet"/><script src="/archibus/schema/ab-system/javascript/common.js" language="JavaScript"> </script><script src="/archibus/schema/ab-system/system-administration/login.js" language="JavaScript"> </script></head><body leftmargin="0" topmargin="0" onload="openWindow(&quot;&quot;)" class="body"><script lanugage="javascript">

					strGuestUserId='GUEST';
				</script><table class="topTitleBarTable"><tr><td align="left" valign="top"><table style="margin-left:2"><tr><td align="left" class="topTitleBarTableTitle">Welcome to ARCHIBUS</td></tr></table></td><td align="right" valign="top"><table align="right"><tr align="right"><td align="right"><select onchange="setUpUserLanguage(this.value)" class="inputField_box" name="afm_user_language" id="afm_user_language"><option value="ar_SA">Arabic</option><option value="zh_CN">Chinese (Simplified)</option><option value="zh_TW">Chinese (Traditional)</option><option value="nl_NL">Dutch</option><option value="en_AU">English (Australia)</option><option value="en_CA">English (Canada)</option><option value="en_GB">English (United Kingdom)</option><option value="en_US">English (United States)</option><option value="fr_CA">French (Canada)</option><option value="fr_FR">French (France)</option><option value="de_DE">German</option><option value="iw_IL">Hebrew</option><option value="it_IT">Italian</option><option value="ja_JP">Japanese</option><option value="ko_KR">Korean</option><option value="no_NO">Norwegian</option><option value="pt_BR">Portuguese</option><option value="es_ES">Spanish</option></select></td></tr></table></td></tr></table><table valign="top" align="left" width="100%"><tr><td valign="top" align="left"><table style="margin-left:2"><tr><td class="legendContent"><p>Your company's collaborative, enterprise environment for total facility and infrastructure management.</p></td></tr></table></td></tr><tr><td valign="top" align="left"><form name="afmInputsForm"><table style="margin-left:2" valign="top" align="left" height="100%" width="100%"><tr valign="top"><td colspan="2"><hr/></td></tr><tr valign="top"><td valign="top" width="145"/><td valign="top" align="left"><table valign="top" align="left" width="95%"><tr><td valign="top"><table valign="top" align="left" style="margin-left:10"><tr><td class="legendTitle">Project:</td><td class="legendContent">Headquarters-Sybase<input value="HQ-Sybase" name="projects" type="hidden"/></td></tr></table></td></tr></table></td></tr><tr valign="top"><td colspan="2"><hr/></td></tr><tr valign="top"><td valign="top" width="145"><img border="0" src="/archibus/schema/ab-system/graphics/ab-prod-login.gif"/></td><td valign="top" align="left"><table valign="top" align="left" width="95%"><tr><td valign="top"><table style="margin-left:10" valign="top" align="left"><tr><td class="legendTitle">Sign In</td></tr><tr><td><p class="legendContent">Sign in to your personalized list of activities and join the collaboration now.</p></td></tr><tr><td><table><tr><td height="3"> </td></tr></table></td></tr><tr><td class="legendContent">Enter your user name:</td></tr><tr><td><input onchange="strUserId=this.value;" size="37" value="" name="user_id" type="text" class="login_inputField"/></td></tr><tr><td class="legendContent">Enter your password:</td></tr><tr><td><input size="37" value="" name="user_pwd" type="password" class="login_inputField"/></td></tr><tr><td class="legendContent">Forget your password? Click <A onclick="onLookUpPassword(&quot;&lt;afmAction%20type=%22applyLookupPassword%22%20frame=%22%22&gt;%20	%20&lt;title%20translatable=%22true%22&gt;Forget%20Password?&lt;%2Ftitle&gt;%20	%20&lt;message%20translatable=%22true%22&gt;Your%20Password&lt;%2Fmessage&gt;%20%20%20%20%20%20%20&lt;target&gt;&lt;parameters%2F&gt;&lt;key%20name=%22login.axvw%22%20context=%22com.archibus.config.ConfigManagerImpl-My%20Company-com.archibus.controller.ControllerLoginImpl-247FD5C64F02ED11AA6738975E28D1AC%22%20class=%22com.archibus.view.ViewImpl%22%20xpath=%22%2FafmXmlView%2FafmTableGroup%22%2F&gt;&lt;%2Ftarget&gt;&lt;%2FafmAction&gt;&quot;,&quot;_blank&quot;, &quot;titlebar=no,toolbar=no,menubar=no,resizable=yes,scrollbars=yes,status=yes,width=500,height=250&quot;);return false;" href="#">here.</A></td></tr><tr><td class="legendContent"><input name="remember_user_id" type="checkbox"/>Remember my user name on this computer</td></tr><tr><td><table><tr><td height="5"> </td></tr></table></td></tr><tr><td><input onclick="onLogin(&quot;&lt;afmAction%20type=%22login%22%20response=%22true%22%20state=%22StateFinish%22%20frame=%22%22&gt;%20%20%20%20%20%20%20%20%20%20&lt;title%20translatable=%22true%22&gt;Sign%20In&lt;%2Ftitle&gt;%20%20%20%20%20%20%20&lt;target&gt;&lt;parameters%2F&gt;&lt;key%20name=%22login.axvw%22%20context=%22com.archibus.config.ConfigManagerImpl-My%20Company-com.archibus.controller.ControllerLoginImpl-247FD5C64F02ED11AA6738975E28D1AC%22%20class=%22com.archibus.view.ViewImpl%22%20xpath=%22%2FafmXmlView%2FafmTableGroup%22%2F&gt;&lt;%2Ftarget&gt;&lt;%2FafmAction&gt;&quot;, false)" value="Sign In" title="" name="signIn" type="button" class="AbActionButtonFormStdWidth" accesskey="S"/></td></tr></table></td></tr></table></td></tr><tr valign="top"><td colspan="2"><hr/></td></tr><tr valign="top"><td valign="top" width="145"><img border="0" src="/archibus/schema/ab-system/graphics/ab-prod-login-guest.gif"/></td><td valign="top" align="left"><table valign="top" align="left" width="95%"><tr><td valign="top"><table style="margin-left:10" valign="top" align="left"><tr><td class="legendTitle">Be Our Guest</td></tr><tr><td><table><tr><td height="3"> </td></tr></table></td></tr><tr><td><p class="legendContent">If you don't have an account, use this selection to access your site's guest activities.</p></td></tr><tr><td><table><tr><td height="10"> </td></tr></table></td></tr><tr><td><input onclick="onLogin(&quot;&lt;afmAction%20type=%22login%22%20response=%22true%22%20state=%22StateFinish%22%20request=%22login.axvw%22%20frame=%22%22&gt;%20%20%20%20%20%20%20%20%20%20&lt;title%20translatable=%22true%22&gt;Guest%20Sign%20In&lt;%2Ftitle&gt;%20%20%20%20%20%20%20&lt;target&gt;&lt;parameters%2F&gt;&lt;key%20name=%22login.axvw%22%20context=%22com.archibus.config.ConfigManagerImpl-My%20Company-com.archibus.controller.ControllerLoginImpl-247FD5C64F02ED11AA6738975E28D1AC%22%20class=%22com.archibus.view.ViewImpl%22%20xpath=%22%2FafmXmlView%2FafmTableGroup%22%2F&gt;&lt;%2Ftarget&gt;&lt;%2FafmAction&gt;&quot;,true)" value="Guest Sign In" title="" name="guestIn" type="button" class="AbActionButtonFormStdWidth" accesskey="G"/></td></tr></table></td></tr></table></td></tr></table></form></td></tr></table><script language="javascript">
				SetDebugVariable(false);
				afmHiddenFormName='afmHiddenForm';

				xmlName='xml';
			</script><form style="margin:0" name="afmHiddenForm" method="post"><input value="" name="xml" type="hidden"/></form><span translatable="true" id="general_warning_message_empty_required_fields" style="display:none">Some required fields have not been entered, please enter or select values for them!</span><span translatable="true" id="general_delete_warning_message_empty_required_fields" style="display:none">Are you sure you want to delete this record?</span><span translatable="true" id="general_invalid_input_warning_message_integer" style="display:none">Invalid input! Please enter an integer.</span><span translatable="true" id="general_invalid_input_warning_message_numeric" style="display:none">Invalid input! Please enter a numeric value.</span></body></html>
