<?xml version="1.0" encoding="UTF-8"?>
<html isEditForm="false" isErrorMessage="false" requestId="0001"><span value="/archibus/schema/ab-system/test/testActivity2" name="relativeFileDirectory"/><span value="/ab-system/test/testActivity2/dummy.xsl" name="relativeActivityPath"/><span value="C:/trinidad/apps/archibus/schema/ab-system/test/testActivity2" name="absoluteFileDirectory"/><span translatable="true" name="testLocalizedString">fr_FR:Testing XSLT localization-2</span><script src="/archibus/schema/ab-system/test/testActivity2/dummy.js" language="javascript"> </script><link href="/archibus/schema/ab-system/style/abcascadingstylesheet-slate.css" type="text/css" rel="stylesheet"/><body class="body"><table class="topTitleBarTable"><tr><td class="topTitleBarTableTitle">fr_FR:Testing AXVW localization-2 </td></tr></table></body></html>
