<?xml version="1.0" encoding="UTF-8"?>
<afmAction type="login" response="true" state="StateFinish" frame="" locale="en_US" relativePath="/archibus/schema/ab-system/test/testActivity2/login.axvw" xml="&lt;afmAction type=&quot;login&quot; response=&quot;true&quot; state=&quot;StateFinish&quot; frame=&quot;&quot;&gt;&lt;record  login.projectName=&quot;HQ-Sybase&quot;  login.userId=&quot;-AL@y^*9LER1357LCF0-468ZOO 2Xw=+&quot;  login.password=&quot;F@y^*-M1357902468A ZXw=+&quot;  /&gt;          &lt;title translatable=&quot;true&quot;&gt;Sign In&lt;/title&gt;       &lt;target&gt;&lt;parameters/&gt;&lt;key name=&quot;login.axvw&quot; context=&quot;com.archibus.config.ConfigManagerImpl-My Company-com.archibus.controller.ControllerLoginImpl-247FD5C64F02ED11AA6738975E28D1AC&quot; class=&quot;com.archibus.view.ViewImpl&quot; xpath=&quot;/afmXmlView/afmTableGroup&quot;/&gt;&lt;/target&gt;&lt;/afmAction&gt;" sessionId="247FD5C64F02ED11AA6738975E28D1AC" requestId="0001"><record login.projectName="HQ-Sybase" login.userId="-AL@y^*9LER1357LCF0-468ZOO 2Xw=+" login.password="F@y^*-M1357902468A ZXw=+"/>          <title translatable="true">Sign In</title>       <target><parameters/><key name="login.axvw" context="com.archibus.config.ConfigManagerImpl-My Company-com.archibus.controller.ControllerLoginImpl-247FD5C64F02ED11AA6738975E28D1AC" class="com.archibus.view.ViewImpl" xpath="/afmXmlView/afmTableGroup"/></target></afmAction>